<?xml version="1.0" encoding="UTF-8"?>
<!-- Generated by org.testng.reporters.JUnitReportReporter -->
<testsuite hostname="DESKTOP-CID1P55" failures="0" tests="1" name="testautoproject.Testlulumall" time="26.621" errors="0" timestamp="2023-06-30T01:08:56 IST" skipped="0">
  <testcase classname="testautoproject.Testlulumall" name="luluTest" time="26.621"/>
  <system-out/>
</testsuite> <!-- testautoproject.Testlulumall -->
