<?xml version="1.0" encoding="UTF-8"?>
<!-- Generated by org.testng.reporters.JUnitReportReporter -->
<testsuite hostname="DESKTOP-CID1P55" failures="0" tests="1" name="test.Testrun" time="23.905" errors="0" timestamp="2023-06-24T12:54:04 IST" skipped="0">
  <testcase classname="test.Testrun" name="test" time="23.905"/>
  <system-out/>
</testsuite> <!-- test.Testrun -->
